<?xml version="1.0" encoding="UTF-8"?>
<!-- Generated by org.testng.reporters.JUnitReportReporter -->
<testsuite hostname="AS24-2CN8QV3" failures="0" tests="8" name="testClasses.LoginpageTestClass" time="69.655" errors="0" timestamp="2025-08-04T21:38:07 IST" skipped="0">
  <testcase classname="testClasses.LoginpageTestClass" name="verifyResetPassworddPageLoading" time="32.009"/>
  <testcase classname="testClasses.LoginpageTestClass" name="verifyUsernameTextboxShowingHintorNot" time="4.162"/>
  <testcase classname="testClasses.LoginpageTestClass" name="verifyApplicationLaunch" time="4.068"/>
  <testcase classname="testClasses.LoginpageTestClass" name="verifySuccesfulLogin" time="9.649"/>
  <testcase classname="testClasses.LoginpageTestClass" name="verifyRemembermeCheckboxCheckOrNot" time="4.634"/>
  <testcase classname="testClasses.LoginpageTestClass" name="verifyUnSuccesfulLogin" time="3.979"/>
  <testcase classname="testClasses.LoginpageTestClass" name="verifyUnSuccesfulLogin" time="4.104"/>
  <testcase classname="testClasses.LoginpageTestClass" name="verifyUnSuccesfulLogin" time="7.050"/>
</testsuite> <!-- testClasses.LoginpageTestClass -->
