<?xml version="1.0" encoding="UTF-8"?>
<!-- Generated by org.testng.reporters.JUnitReportReporter -->
<testsuite hostname="AS24-2CN8QV3" failures="0" tests="1" name="testClasses.UserManagementTestClass" time="24.803" errors="0" timestamp="2025-07-31T21:41:51 IST" skipped="0">
  <testcase classname="testClasses.UserManagementTestClass" name="verifyAddUser" time="24.803"/>
</testsuite> <!-- testClasses.UserManagementTestClass -->
