<?xml version="1.0" encoding="UTF-8"?>
<!-- Generated by org.testng.reporters.JUnitReportReporter -->
<testsuite hostname="AS24-2CN8QV3" failures="0" tests="1" name="testClasses.HomePageTestClass" time="14.903" errors="0" timestamp="2025-08-04T21:38:07 IST" skipped="0">
  <testcase classname="testClasses.HomePageTestClass" name="verifyTheTooltipOfCalculatorIcon" time="14.903"/>
</testsuite> <!-- testClasses.HomePageTestClass -->
